<?xml version="1.0" encoding="UTF-8"?>
<!-- Generated by org.testng.reporters.JUnitReportReporter -->
<testsuite hostname="DESKTOP-7VLDNL8" failures="0" tests="1" name="maven3.AmazonTestNGClass" time="115.176" errors="0" timestamp="2022-09-12T16:18:41 IST" skipped="0">
  <testcase classname="maven3.AmazonTestNGClass" name="test" time="115.176"/>
  <system-out/>
</testsuite> <!-- maven3.AmazonTestNGClass -->
