<?xml version="1.0" encoding="UTF-8"?>
<!-- Generated by org.testng.reporters.JUnitReportReporter -->
<testsuite hostname="DESKTOP-7VLDNL8" failures="0" tests="2" name="maven3.TestNGClass" time="23.607" errors="0" timestamp="2022-09-10T22:43:59 IST" skipped="0">
  <testcase classname="maven3.TestNGClass" name="test2" time="15.207"/>
  <system-out/>
  <testcase classname="maven3.TestNGClass" name="test1" time="8.400"/>
  <system-out/>
</testsuite> <!-- maven3.TestNGClass -->
