<?xml version="1.0" encoding="UTF-8"?>
<!-- Generated by org.testng.reporters.JUnitReportReporter -->
<testsuite hostname="DESKTOP-7VLDNL8" failures="0" tests="2" name="maven3.VerifyRoomsPage" time="17.031" errors="0" timestamp="2022-09-12T11:34:15 IST" skipped="0">
  <testcase classname="maven3.VerifyRoomsPage" name="toVerifyReturnToMessengerButton" time="5.323"/>
  <system-out/>
  <testcase classname="maven3.VerifyRoomsPage" name="toVerifyMessengerHelpCenterButton" time="11.708"/>
  <system-out/>
</testsuite> <!-- maven3.VerifyRoomsPage -->
